<?xml version="1.0" encoding="UTF-8"?>
<!-- Generated by org.testng.reporters.JUnitXMLReporter -->
<testsuite ignored="0" hostname="DESKTOP-IVFQ3C9" failures="0" tests="10" name="rest-assured-project2" time="9.007" errors="0" timestamp="2024-02-15T11:33:11 BDT">
  <testcase classname="APITests" name="ResetNID" time="1.101"/>
  <testcase classname="APITests" name="ResetNID2" time="0.134"/>
  <testcase classname="APITests" name="signUp" time="1.83"/>
  <testcase classname="APITests" name="szNID_front_Pic" time="1.494"/>
  <testcase classname="APITests" name="szNID_z_back_Pic" time="1.147"/>
  <testcase classname="APITests" name="szz_confirm_NID" time="0.301"/>
  <testcase classname="APITests" name="szz_face_pic" time="1.03"/>
  <testcase classname="APITests" name="szz_pin_set" time="0.76"/>
  <testcase classname="APITests" name="szz_pz_login" time="0.773"/>
  <testcase classname="APITests" name="szz_pzz_MFS_bkash" time="0.403"/>
</testsuite> <!-- rest-assured-project2 -->
